<?xml version="1.0" encoding="UTF-8"?>
<!-- Generated by org.testng.reporters.JUnitReportReporter -->
<testsuite skipped="0" hostname="DESKTOP-RQ0I3KE" name="com.qa.hubspot.tests.ContactsPageTest" tests="7" failures="0" timestamp="15 May 2019 17:39:12 GMT" time="407.206" errors="0">
  <testcase name="verifyPageHeader" time="42.376" classname="com.qa.hubspot.tests.ContactsPageTest"/>
  <testcase name="createContact" time="62.783" classname="com.qa.hubspot.tests.ContactsPageTest"/>
  <testcase name="createContact" time="63.933" classname="com.qa.hubspot.tests.ContactsPageTest"/>
  <testcase name="createContact" time="64.622" classname="com.qa.hubspot.tests.ContactsPageTest"/>
  <testcase name="verifyPageTitleTest" time="42.845" classname="com.qa.hubspot.tests.ContactsPageTest"/>
  <testcase name="createContact" time="63.997" classname="com.qa.hubspot.tests.ContactsPageTest"/>
  <testcase name="createContact" time="66.650" classname="com.qa.hubspot.tests.ContactsPageTest"/>
</testsuite> <!-- com.qa.hubspot.tests.ContactsPageTest -->
