<?xml version="1.0" encoding="UTF-8"?>
<!-- Generated by org.testng.reporters.JUnitReportReporter -->
<testsuite skipped="0" hostname="DESKTOP-RQ0I3KE" name="com.qa.hubspot.tests.HomePageTest" tests="3" failures="0" timestamp="08 May 2019 15:34:00 GMT" time="76.341" errors="0">
  <testcase name="verifyHomePageTitle" time="24.748" classname="com.qa.hubspot.tests.HomePageTest"/>
  <testcase name="verifyHomePageHeaderTest" time="26.257" classname="com.qa.hubspot.tests.HomePageTest"/>
  <testcase name="verifyLoggedInAccountNameTest" time="25.336" classname="com.qa.hubspot.tests.HomePageTest"/>
</testsuite> <!-- com.qa.hubspot.tests.HomePageTest -->
