<?xml version="1.0" encoding="UTF-8"?>
<!-- Generated by org.testng.reporters.JUnitReportReporter -->
<testsuite skipped="1" hostname="DESKTOP-RQ0I3KE" name="com.qa.hubspot.tests.ContactsPageTest" tests="3" failures="0" timestamp="11 May 2019 02:28:47 GMT" time="91.733" errors="0">
  <testcase name="verifyPageHeader" time="46.861" classname="com.qa.hubspot.tests.ContactsPageTest"/>
  <testcase name="createContact" time="44.855" classname="com.qa.hubspot.tests.ContactsPageTest">
    <skipped/>
  </testcase> <!-- createContact -->
  <testcase name="verifyPageTitleTest" time="0.017" classname="com.qa.hubspot.tests.ContactsPageTest"/>
</testsuite> <!-- com.qa.hubspot.tests.ContactsPageTest -->
