<?xml version="1.0" encoding="UTF-8"?>
<!-- Generated by org.testng.reporters.JUnitReportReporter -->
<testsuite skipped="0" hostname="DESKTOP-RQ0I3KE" name="com.qa.hubspot.tests.ContactsPageTest" tests="7" failures="0" timestamp="19 May 2019 08:23:26 GMT" time="413.090" errors="0">
  <testcase name="createContact" time="65.343" classname="com.qa.hubspot.tests.ContactsPageTest"/>
  <testcase name="createContact" time="65.050" classname="com.qa.hubspot.tests.ContactsPageTest"/>
  <testcase name="verifyPageTitleTest" time="43.378" classname="com.qa.hubspot.tests.ContactsPageTest"/>
  <testcase name="verifyPageHeader" time="44.129" classname="com.qa.hubspot.tests.ContactsPageTest"/>
  <testcase name="createContact" time="64.184" classname="com.qa.hubspot.tests.ContactsPageTest"/>
  <testcase name="createContact" time="63.981" classname="com.qa.hubspot.tests.ContactsPageTest"/>
  <testcase name="createContact" time="67.025" classname="com.qa.hubspot.tests.ContactsPageTest"/>
</testsuite> <!-- com.qa.hubspot.tests.ContactsPageTest -->
