<?xml version="1.0" encoding="UTF-8"?>
<!-- Generated by org.testng.reporters.JUnitReportReporter -->
<testsuite skipped="0" hostname="DESKTOP-RQ0I3KE" name="com.qa.hubspot.tests.ContactsPageTest" tests="7" failures="0" timestamp="16 May 2019 02:25:03 GMT" time="535.201" errors="0">
  <testcase name="verifyPageTitleTest" time="55.357" classname="com.qa.hubspot.tests.ContactsPageTest"/>
  <testcase name="createContact" time="80.588" classname="com.qa.hubspot.tests.ContactsPageTest"/>
  <testcase name="createContact" time="78.890" classname="com.qa.hubspot.tests.ContactsPageTest"/>
  <testcase name="verifyPageHeader" time="52.461" classname="com.qa.hubspot.tests.ContactsPageTest"/>
  <testcase name="createContact" time="105.687" classname="com.qa.hubspot.tests.ContactsPageTest"/>
  <testcase name="createContact" time="80.531" classname="com.qa.hubspot.tests.ContactsPageTest"/>
  <testcase name="createContact" time="81.687" classname="com.qa.hubspot.tests.ContactsPageTest"/>
</testsuite> <!-- com.qa.hubspot.tests.ContactsPageTest -->
