<?xml version="1.0" encoding="UTF-8"?>
<!-- Generated by org.testng.reporters.JUnitReportReporter -->
<testsuite skipped="0" hostname="DESKTOP-RQ0I3KE" name="com.qa.hubspot.tests.ContactsPageTest" tests="7" failures="0" timestamp="11 May 2019 08:14:41 GMT" time="334.972" errors="0">
  <testcase name="createContact" time="47.599" classname="com.qa.hubspot.tests.ContactsPageTest"/>
  <testcase name="createContact" time="48.781" classname="com.qa.hubspot.tests.ContactsPageTest"/>
  <testcase name="verifyPageTitleTest" time="41.557" classname="com.qa.hubspot.tests.ContactsPageTest"/>
  <testcase name="createContact" time="54.253" classname="com.qa.hubspot.tests.ContactsPageTest"/>
  <testcase name="createContact" time="48.424" classname="com.qa.hubspot.tests.ContactsPageTest"/>
  <testcase name="verifyPageHeader" time="45.017" classname="com.qa.hubspot.tests.ContactsPageTest"/>
  <testcase name="createContact" time="49.341" classname="com.qa.hubspot.tests.ContactsPageTest"/>
</testsuite> <!-- com.qa.hubspot.tests.ContactsPageTest -->
