<?xml version="1.0" encoding="UTF-8"?>
<!-- Generated by org.testng.reporters.JUnitReportReporter -->
<testsuite skipped="0" hostname="DESKTOP-RQ0I3KE" name="com.qa.hubspot.tests.HomePageTest" tests="3" failures="0" timestamp="11 May 2019 01:15:11 GMT" time="90.966" errors="0">
  <testcase name="verifyLoggedInAccountNameTest" time="30.391" classname="com.qa.hubspot.tests.HomePageTest"/>
  <testcase name="verifyHomePageTitle" time="27.775" classname="com.qa.hubspot.tests.HomePageTest"/>
  <testcase name="verifyHomePageHeaderTest" time="32.800" classname="com.qa.hubspot.tests.HomePageTest"/>
</testsuite> <!-- com.qa.hubspot.tests.HomePageTest -->
