<?xml version="1.0" encoding="UTF-8"?>
<!-- Generated by org.testng.reporters.JUnitReportReporter -->
<testsuite skipped="0" hostname="DESKTOP-RQ0I3KE" name="com.qa.hubspot.tests.HomePageTest" tests="3" failures="0" timestamp="09 May 2019 04:20:41 GMT" time="73.096" errors="0">
  <testcase name="verifyHomePageTitle" time="24.026" classname="com.qa.hubspot.tests.HomePageTest"/>
  <testcase name="verifyHomePageHeaderTest" time="24.763" classname="com.qa.hubspot.tests.HomePageTest"/>
  <testcase name="verifyLoggedInAccountNameTest" time="24.307" classname="com.qa.hubspot.tests.HomePageTest"/>
</testsuite> <!-- com.qa.hubspot.tests.HomePageTest -->
